# JRE version: OpenJDK Runtime Environment Temurin-21.0.6+7 (21.0.6+7) (build 21.0.6+7-LTS)
# Java VM: OpenJDK 64-Bit Server VM Temurin-21.0.6+7 (21.0.6+7-LTS, mixed mode, emulated-client, sharing, tiered, compressed oops, compressed class ptrs, g1 gc, windows-amd64)
GC Precious Log:
 CardTable entry size: 512
 Card Set container configuration: InlinePtr #cards 4 size 8 Array Of Cards #cards 16 size 48 Howl #buckets 8 coarsen threshold 3686 Howl Bitmap #cards 512 size 80 coarsen threshold 460 Card regions per heap region 1 cards per card region 4096
 CPUs: 16 total, 16 available
 Memory: 16076M
 Large Page Support: Disabled
 NUMA Support: Disabled
 Compressed Oops: Enabled (Zero based)
 Heap Region Size: 2M
 Heap Min Capacity: 8M
 Heap Initial Capacity: 252M
 Heap Max Capacity: 4020M
 Pre-touch: Disabled
 Parallel Workers: 13
 Concurrent Workers: 3
 Concurrent Refinement Workers: 13
 Periodic GC: Disabled
Heap:
 garbage-first heap   total 122880K, used 97849K [0x0000000704c00000, 0x0000000800000000)
  region size 2048K, 33 young (67584K), 3 survivors (6144K)
 Metaspace       used 94382K, committed 95552K, reserved 1179648K
  class space    used 12529K, committed 13120K, reserved 1048576K
GC Heap History (20 events):
Event: 46812.245 GC heap after
{Heap after GC invocations=191 (full 46):
 garbage-first heap   total 147456K, used 34025K [0x0000000704c00000, 0x0000000800000000)
  region size 2048K, 1 young (2048K), 1 survivors (2048K)
 Metaspace       used 93529K, committed 94976K, reserved 1179648K
  class space    used 12445K, committed 13056K, reserved 1048576K
}
Event: 47389.821 GC heap before
{Heap before GC invocations=191 (full 46):
 garbage-first heap   total 147456K, used 120041K [0x0000000704c00000, 0x0000000800000000)
  region size 2048K, 43 young (88064K), 1 survivors (2048K)
 Metaspace       used 93529K, committed 94976K, reserved 1179648K
  class space    used 12445K, committed 13056K, reserved 1048576K
}
Event: 47389.830 GC heap after
{Heap after GC invocations=192 (full 46):
 garbage-first heap   total 147456K, used 33776K [0x0000000704c00000, 0x0000000800000000)
  region size 2048K, 1 young (2048K), 1 survivors (2048K)
 Metaspace       used 93529K, committed 94976K, reserved 1179648K
  class space    used 12445K, committed 13056K, reserved 1048576K
}
Event: 47862.043 GC heap before
{Heap before GC invocations=193 (full 46):
 garbage-first heap   total 122880K, used 105456K [0x0000000704c00000, 0x0000000800000000)
  region size 2048K, 36 young (73728K), 1 survivors (2048K)
 Metaspace       used 93531K, committed 94976K, reserved 1179648K
  class space    used 12446K, committed 13056K, reserved 1048576K
}
Event: 47862.060 GC heap after
{Heap after GC invocations=194 (full 46):
 garbage-first heap   total 122880K, used 33895K [0x0000000704c00000, 0x0000000800000000)
  region size 2048K, 1 young (2048K), 1 survivors (2048K)
 Metaspace       used 93531K, committed 94976K, reserved 1179648K
  class space    used 12446K, committed 13056K, reserved 1048576K
}
Event: 48324.226 GC heap before
{Heap before GC invocations=194 (full 46):
 garbage-first heap   total 122880K, used 105575K [0x0000000704c00000, 0x0000000800000000)
  region size 2048K, 36 young (73728K), 1 survivors (2048K)
 Metaspace       used 93531K, committed 94976K, reserved 1179648K
  class space    used 12446K, committed 13056K, reserved 1048576K
}
Event: 48324.256 GC heap after
{Heap after GC invocations=195 (full 46):
 garbage-first heap   total 122880K, used 33975K [0x0000000704c00000, 0x0000000800000000)
  region size 2048K, 1 young (2048K), 1 survivors (2048K)
 Metaspace       used 93531K, committed 94976K, reserved 1179648K
  class space    used 12446K, committed 13056K, reserved 1048576K
}
Event: 48810.009 GC heap before
{Heap before GC invocations=195 (full 46):
 garbage-first heap   total 122880K, used 105655K [0x0000000704c00000, 0x0000000800000000)
  region size 2048K, 36 young (73728K), 1 survivors (2048K)
 Metaspace       used 93531K, committed 94976K, reserved 1179648K
  class space    used 12446K, committed 13056K, reserved 1048576K
}
Event: 48810.051 GC heap after
{Heap after GC invocations=196 (full 46):
 garbage-first heap   total 122880K, used 33910K [0x0000000704c00000, 0x0000000800000000)
  region size 2048K, 1 young (2048K), 1 survivors (2048K)
 Metaspace       used 93531K, committed 94976K, reserved 1179648K
  class space    used 12446K, committed 13056K, reserved 1048576K
}
Event: 49246.316 GC heap before
{Heap before GC invocations=197 (full 46):
 garbage-first heap   total 122880K, used 99446K [0x0000000704c00000, 0x0000000800000000)
  region size 2048K, 34 young (69632K), 1 survivors (2048K)
 Metaspace       used 93527K, committed 94976K, reserved 1179648K
  class space    used 12446K, committed 13056K, reserved 1048576K
}
Event: 49246.365 GC heap after
{Heap after GC invocations=198 (full 47):
 garbage-first heap   total 122880K, used 29223K [0x0000000704c00000, 0x0000000800000000)
  region size 2048K, 0 young (0K), 0 survivors (0K)
 Metaspace       used 93465K, committed 94976K, reserved 1179648K
  class space    used 12433K, committed 13056K, reserved 1048576K
}
Event: 49247.343 GC heap before
{Heap before GC invocations=198 (full 47):
 garbage-first heap   total 122880K, used 66087K [0x0000000704c00000, 0x0000000800000000)
  region size 2048K, 20 young (40960K), 0 survivors (0K)
 Metaspace       used 93671K, committed 94976K, reserved 1179648K
  class space    used 12470K, committed 13056K, reserved 1048576K
}
Event: 49247.346 GC heap after
{Heap after GC invocations=199 (full 47):
 garbage-first heap   total 122880K, used 33747K [0x0000000704c00000, 0x0000000800000000)
  region size 2048K, 3 young (6144K), 3 survivors (6144K)
 Metaspace       used 93671K, committed 94976K, reserved 1179648K
  class space    used 12470K, committed 13056K, reserved 1048576K
}
Event: 49248.120 GC heap before
{Heap before GC invocations=200 (full 47):
 garbage-first heap   total 122880K, used 82899K [0x0000000704c00000, 0x0000000800000000)
  region size 2048K, 28 young (57344K), 3 survivors (6144K)
 Metaspace       used 94173K, committed 95296K, reserved 1179648K
  class space    used 12534K, committed 13056K, reserved 1048576K
}
Event: 49248.124 GC heap after
{Heap after GC invocations=201 (full 47):
 garbage-first heap   total 122880K, used 39084K [0x0000000704c00000, 0x0000000800000000)
  region size 2048K, 5 young (10240K), 5 survivors (10240K)
 Metaspace       used 94173K, committed 95296K, reserved 1179648K
  class space    used 12534K, committed 13056K, reserved 1048576K
}
Event: 49310.775 GC heap before
{Heap before GC invocations=202 (full 47):
 garbage-first heap   total 122880K, used 51372K [0x0000000704c00000, 0x0000000800000000)
  region size 2048K, 12 young (24576K), 5 survivors (10240K)
 Metaspace       used 94510K, committed 95680K, reserved 1179648K
  class space    used 12558K, committed 13120K, reserved 1048576K
}
Event: 49310.829 GC heap after
{Heap after GC invocations=203 (full 48):
 garbage-first heap   total 122880K, used 31668K [0x0000000704c00000, 0x0000000800000000)
  region size 2048K, 0 young (0K), 0 survivors (0K)
 Metaspace       used 93902K, committed 95424K, reserved 1179648K
  class space    used 12486K, committed 13120K, reserved 1048576K
}
Event: 49311.871 GC heap before
{Heap before GC invocations=203 (full 48):
 garbage-first heap   total 122880K, used 78772K [0x0000000704c00000, 0x0000000800000000)
  region size 2048K, 24 young (49152K), 0 survivors (0K)
 Metaspace       used 94038K, committed 95424K, reserved 1179648K
  class space    used 12504K, committed 13120K, reserved 1048576K
}
Event: 49311.873 GC heap after
{Heap after GC invocations=204 (full 48):
 garbage-first heap   total 122880K, used 36409K [0x0000000704c00000, 0x0000000800000000)
  region size 2048K, 3 young (6144K), 3 survivors (6144K)
 Metaspace       used 94038K, committed 95424K, reserved 1179648K
  class space    used 12504K, committed 13120K, reserved 1048576K
}
Event: 49709.850 GC heap before
{Heap before GC invocations=205 (full 48):
 garbage-first heap   total 122880K, used 97849K [0x0000000704c00000, 0x0000000800000000)
  region size 2048K, 33 young (67584K), 3 survivors (6144K)
 Metaspace       used 94382K, committed 95552K, reserved 1179648K
  class space    used 12529K, committed 13120K, reserved 1048576K
}

